<?xml version="1.0" encoding="UTF-8"?>
<testsuite xmlns:xsi="http://www.w3.org/2001/XMLSchema-instance" xsi:noNamespaceSchemaLocation="https://maven.apache.org/surefire/maven-surefire-plugin/xsd/surefire-test-report.xsd" version="3.0.2" name="com.ecommerce.product.service.ProductServiceTest" time="2.476" tests="7" errors="0" skipped="0" failures="0">
  <properties>
[...]
</properties>
  <testcase name="testCreateProduct_Success" classname="com.ecommerce.product.service.ProductServiceTest" time="2.282">
    <system-err><![CDATA[WARNING: A Java agent has been loaded dynamically (C:\Users\Lakshana\.m2\repository\net\bytebuddy\byte-buddy-agent\1.14.12\byte-buddy-agent-1.14.12.jar)
WARNING: If a serviceability tool is in use, please run with -XX:+EnableDynamicAgentLoading to hide this warning
WARNING: If a serviceability tool is not in use, please run with -Djdk.instrument.traceUsage for more information
WARNING: Dynamic loading of agents will be disallowed by default in a future release
]]></system-err>
  </testcase>
  <testcase name="testGetProductById_NotFound_ThrowsException" classname="com.ecommerce.product.service.ProductServiceTest" time="0.026"/>
  <testcase name="testUpdateProduct_Success" classname="com.ecommerce.product.service.ProductServiceTest" time="0.015"/>
  <testcase name="testCreateProduct_NullName_ThrowsException" classname="com.ecommerce.product.service.ProductServiceTest" time="0.008"/>
  <testcase name="testGetProductById_Found" classname="com.ecommerce.product.service.ProductServiceTest" time="0.01"/>
  <testcase name="testGetAllProducts_ReturnsList" classname="com.ecommerce.product.service.ProductServiceTest" time="0.018"/>
  <testcase name="testDeleteProduct_Success" classname="com.ecommerce.product.service.ProductServiceTest" time="0.012"/>
</testsuite>